This is pdfTeX, Version 3.14159265-2.6-1.40.20 (TeX Live 2019) (preloaded format=pdflatex 2019.10.7)  3 MAY 2021 22:42
entering extended mode
 restricted \write18 enabled.
 %&-line parsing enabled.
**memoria.tex
(./memoria.tex
LaTeX2e <2018-12-01>
(/usr/local/texlive/2019/texmf-dist/tex/latex/base/article.cls
Document Class: article 2018/09/03 v1.4i Standard LaTeX document class
(/usr/local/texlive/2019/texmf-dist/tex/latex/base/size10.clo
File: size10.clo 2018/09/03 v1.4i Standard LaTeX file (size option)
)
\c@part=\count80
\c@section=\count81
\c@subsection=\count82
\c@subsubsection=\count83
\c@paragraph=\count84
\c@subparagraph=\count85
\c@figure=\count86
\c@table=\count87
\abovecaptionskip=\skip41
\belowcaptionskip=\skip42
\bibindent=\dimen102
) (/usr/local/texlive/2019/texmf-dist/tex/latex/lm/lmodern.sty
Package: lmodern 2009/10/30 v1.6 Latin Modern Fonts
LaTeX Font Info:    Overwriting symbol font `operators' in version `normal'
(Font)                  OT1/cmr/m/n --> OT1/lmr/m/n on input line 22.
LaTeX Font Info:    Overwriting symbol font `letters' in version `normal'
(Font)                  OML/cmm/m/it --> OML/lmm/m/it on input line 23.
LaTeX Font Info:    Overwriting symbol font `symbols' in version `normal'
(Font)                  OMS/cmsy/m/n --> OMS/lmsy/m/n on input line 24.
LaTeX Font Info:    Overwriting symbol font `largesymbols' in version `normal'
(Font)                  OMX/cmex/m/n --> OMX/lmex/m/n on input line 25.
LaTeX Font Info:    Overwriting symbol font `operators' in version `bold'
(Font)                  OT1/cmr/bx/n --> OT1/lmr/bx/n on input line 26.
LaTeX Font Info:    Overwriting symbol font `letters' in version `bold'
(Font)                  OML/cmm/b/it --> OML/lmm/b/it on input line 27.
LaTeX Font Info:    Overwriting symbol font `symbols' in version `bold'
(Font)                  OMS/cmsy/b/n --> OMS/lmsy/b/n on input line 28.
LaTeX Font Info:    Overwriting symbol font `largesymbols' in version `bold'
(Font)                  OMX/cmex/m/n --> OMX/lmex/m/n on input line 29.
LaTeX Font Info:    Overwriting math alphabet `\mathbf' in version `normal'
(Font)                  OT1/cmr/bx/n --> OT1/lmr/bx/n on input line 31.
LaTeX Font Info:    Overwriting math alphabet `\mathsf' in version `normal'
(Font)                  OT1/cmss/m/n --> OT1/lmss/m/n on input line 32.
LaTeX Font Info:    Overwriting math alphabet `\mathit' in version `normal'
(Font)                  OT1/cmr/m/it --> OT1/lmr/m/it on input line 33.
LaTeX Font Info:    Overwriting math alphabet `\mathtt' in version `normal'
(Font)                  OT1/cmtt/m/n --> OT1/lmtt/m/n on input line 34.
LaTeX Font Info:    Overwriting math alphabet `\mathbf' in version `bold'
(Font)                  OT1/cmr/bx/n --> OT1/lmr/bx/n on input line 35.
LaTeX Font Info:    Overwriting math alphabet `\mathsf' in version `bold'
(Font)                  OT1/cmss/bx/n --> OT1/lmss/bx/n on input line 36.
LaTeX Font Info:    Overwriting math alphabet `\mathit' in version `bold'
(Font)                  OT1/cmr/bx/it --> OT1/lmr/bx/it on input line 37.
LaTeX Font Info:    Overwriting math alphabet `\mathtt' in version `bold'
(Font)                  OT1/cmtt/m/n --> OT1/lmtt/m/n on input line 38.
) (/usr/local/texlive/2019/texmf-dist/tex/latex/amsfonts/amssymb.sty
Package: amssymb 2013/01/14 v3.01 AMS font symbols
(/usr/local/texlive/2019/texmf-dist/tex/latex/amsfonts/amsfonts.sty
Package: amsfonts 2013/01/14 v3.01 Basic AMSFonts support
\@emptytoks=\toks14
\symAMSa=\mathgroup4
\symAMSb=\mathgroup5
LaTeX Font Info:    Overwriting math alphabet `\mathfrak' in version `bold'
(Font)                  U/euf/m/n --> U/euf/b/n on input line 106.
)) (/usr/local/texlive/2019/texmf-dist/tex/latex/amsmath/amsmath.sty
Package: amsmath 2018/12/01 v2.17b AMS math features
\@mathmargin=\skip43
For additional information on amsmath, use the `?' option.
(/usr/local/texlive/2019/texmf-dist/tex/latex/amsmath/amstext.sty
Package: amstext 2000/06/29 v2.01 AMS text
(/usr/local/texlive/2019/texmf-dist/tex/latex/amsmath/amsgen.sty
File: amsgen.sty 1999/11/30 v2.0 generic functions
\@emptytoks=\toks15
\ex@=\dimen103
)) (/usr/local/texlive/2019/texmf-dist/tex/latex/amsmath/amsbsy.sty
Package: amsbsy 1999/11/29 v1.2d Bold Symbols
\pmbraise@=\dimen104
) (/usr/local/texlive/2019/texmf-dist/tex/latex/amsmath/amsopn.sty
Package: amsopn 2016/03/08 v2.02 operator names
)
\inf@bad=\count88
LaTeX Info: Redefining \frac on input line 223.
\uproot@=\count89
\leftroot@=\count90
LaTeX Info: Redefining \overline on input line 385.
\classnum@=\count91
\DOTSCASE@=\count92
LaTeX Info: Redefining \ldots on input line 482.
LaTeX Info: Redefining \dots on input line 485.
LaTeX Info: Redefining \cdots on input line 606.
\Mathstrutbox@=\box27
\strutbox@=\box28
\big@size=\dimen105
LaTeX Font Info:    Redeclaring font encoding OML on input line 729.
LaTeX Font Info:    Redeclaring font encoding OMS on input line 730.
\macc@depth=\count93
\c@MaxMatrixCols=\count94
\dotsspace@=\muskip10
\c@parentequation=\count95
\dspbrk@lvl=\count96
\tag@help=\toks16
\row@=\count97
\column@=\count98
\maxfields@=\count99
\andhelp@=\toks17
\eqnshift@=\dimen106
\alignsep@=\dimen107
\tagshift@=\dimen108
\tagwidth@=\dimen109
\totwidth@=\dimen110
\lineht@=\dimen111
\@envbody=\toks18
\multlinegap=\skip44
\multlinetaggap=\skip45
\mathdisplay@stack=\toks19
LaTeX Info: Redefining \[ on input line 2844.
LaTeX Info: Redefining \] on input line 2845.
) (/usr/local/texlive/2019/texmf-dist/tex/generic/ifxetex/ifxetex.sty
Package: ifxetex 2010/09/12 v0.6 Provides ifxetex conditional
) (/usr/local/texlive/2019/texmf-dist/tex/generic/oberdiek/ifluatex.sty
Package: ifluatex 2016/05/16 v1.4 Provides the ifluatex switch (HO)
Package ifluatex Info: LuaTeX not detected.
) (/usr/local/texlive/2019/texmf-dist/tex/latex/base/fontenc.sty
Package: fontenc 2018/08/11 v2.0j Standard LaTeX package
(/usr/local/texlive/2019/texmf-dist/tex/latex/base/t1enc.def
File: t1enc.def 2018/08/11 v2.0j Standard LaTeX file
LaTeX Font Info:    Redeclaring font encoding T1 on input line 48.
)) (/usr/local/texlive/2019/texmf-dist/tex/latex/base/inputenc.sty
Package: inputenc 2018/08/11 v1.3c Input encoding file
\inpenc@prehook=\toks20
\inpenc@posthook=\toks21
) (/usr/local/texlive/2019/texmf-dist/tex/latex/base/textcomp.sty
Package: textcomp 2018/08/11 v2.0j Standard LaTeX package
Package textcomp Info: Sub-encoding information:
(textcomp)               5 = only ISO-Adobe without \textcurrency
(textcomp)               4 = 5 + \texteuro
(textcomp)               3 = 4 + \textohm
(textcomp)               2 = 3 + \textestimated + \textcurrency
(textcomp)               1 = TS1 - \textcircled - \t
(textcomp)               0 = TS1 (full)
(textcomp)             Font families with sub-encoding setting implement
(textcomp)             only a restricted character set as indicated.
(textcomp)             Family '?' is the default used for unknown fonts.
(textcomp)             See the documentation for details.
Package textcomp Info: Setting ? sub-encoding to TS1/1 on input line 79.
(/usr/local/texlive/2019/texmf-dist/tex/latex/base/ts1enc.def
File: ts1enc.def 2001/06/05 v3.0e (jk/car/fm) Standard LaTeX file
Now handling font encoding TS1 ...
... processing UTF-8 mapping file for font encoding TS1
(/usr/local/texlive/2019/texmf-dist/tex/latex/base/ts1enc.dfu
File: ts1enc.dfu 2018/10/05 v1.2f UTF-8 support for inputenc
   defining Unicode char U+00A2 (decimal 162)
   defining Unicode char U+00A3 (decimal 163)
   defining Unicode char U+00A4 (decimal 164)
   defining Unicode char U+00A5 (decimal 165)
   defining Unicode char U+00A6 (decimal 166)
   defining Unicode char U+00A7 (decimal 167)
   defining Unicode char U+00A8 (decimal 168)
   defining Unicode char U+00A9 (decimal 169)
   defining Unicode char U+00AA (decimal 170)
   defining Unicode char U+00AC (decimal 172)
   defining Unicode char U+00AE (decimal 174)
   defining Unicode char U+00AF (decimal 175)
   defining Unicode char U+00B0 (decimal 176)
   defining Unicode char U+00B1 (decimal 177)
   defining Unicode char U+00B2 (decimal 178)
   defining Unicode char U+00B3 (decimal 179)
   defining Unicode char U+00B4 (decimal 180)
   defining Unicode char U+00B5 (decimal 181)
   defining Unicode char U+00B6 (decimal 182)
   defining Unicode char U+00B7 (decimal 183)
   defining Unicode char U+00B9 (decimal 185)
   defining Unicode char U+00BA (decimal 186)
   defining Unicode char U+00BC (decimal 188)
   defining Unicode char U+00BD (decimal 189)
   defining Unicode char U+00BE (decimal 190)
   defining Unicode char U+00D7 (decimal 215)
   defining Unicode char U+00F7 (decimal 247)
   defining Unicode char U+0192 (decimal 402)
   defining Unicode char U+02C7 (decimal 711)
   defining Unicode char U+02D8 (decimal 728)
   defining Unicode char U+02DD (decimal 733)
   defining Unicode char U+0E3F (decimal 3647)
   defining Unicode char U+2016 (decimal 8214)
   defining Unicode char U+2020 (decimal 8224)
   defining Unicode char U+2021 (decimal 8225)
   defining Unicode char U+2022 (decimal 8226)
   defining Unicode char U+2030 (decimal 8240)
   defining Unicode char U+2031 (decimal 8241)
   defining Unicode char U+203B (decimal 8251)
   defining Unicode char U+203D (decimal 8253)
   defining Unicode char U+2044 (decimal 8260)
   defining Unicode char U+204E (decimal 8270)
   defining Unicode char U+2052 (decimal 8274)
   defining Unicode char U+20A1 (decimal 8353)
   defining Unicode char U+20A4 (decimal 8356)
   defining Unicode char U+20A6 (decimal 8358)
   defining Unicode char U+20A9 (decimal 8361)
   defining Unicode char U+20AB (decimal 8363)
   defining Unicode char U+20AC (decimal 8364)
   defining Unicode char U+20B1 (decimal 8369)
   defining Unicode char U+2103 (decimal 8451)
   defining Unicode char U+2116 (decimal 8470)
   defining Unicode char U+2117 (decimal 8471)
   defining Unicode char U+211E (decimal 8478)
   defining Unicode char U+2120 (decimal 8480)
   defining Unicode char U+2122 (decimal 8482)
   defining Unicode char U+2126 (decimal 8486)
   defining Unicode char U+2127 (decimal 8487)
   defining Unicode char U+212E (decimal 8494)
   defining Unicode char U+2190 (decimal 8592)
   defining Unicode char U+2191 (decimal 8593)
   defining Unicode char U+2192 (decimal 8594)
   defining Unicode char U+2193 (decimal 8595)
   defining Unicode char U+2329 (decimal 9001)
   defining Unicode char U+232A (decimal 9002)
   defining Unicode char U+2422 (decimal 9250)
   defining Unicode char U+25E6 (decimal 9702)
   defining Unicode char U+25EF (decimal 9711)
   defining Unicode char U+266A (decimal 9834)
   defining Unicode char U+FEFF (decimal 65279)
))
LaTeX Info: Redefining \oldstylenums on input line 334.
Package textcomp Info: Setting cmr sub-encoding to TS1/0 on input line 349.
Package textcomp Info: Setting cmss sub-encoding to TS1/0 on input line 350.
Package textcomp Info: Setting cmtt sub-encoding to TS1/0 on input line 351.
Package textcomp Info: Setting cmvtt sub-encoding to TS1/0 on input line 352.
Package textcomp Info: Setting cmbr sub-encoding to TS1/0 on input line 353.
Package textcomp Info: Setting cmtl sub-encoding to TS1/0 on input line 354.
Package textcomp Info: Setting ccr sub-encoding to TS1/0 on input line 355.
Package textcomp Info: Setting ptm sub-encoding to TS1/4 on input line 356.
Package textcomp Info: Setting pcr sub-encoding to TS1/4 on input line 357.
Package textcomp Info: Setting phv sub-encoding to TS1/4 on input line 358.
Package textcomp Info: Setting ppl sub-encoding to TS1/3 on input line 359.
Package textcomp Info: Setting pag sub-encoding to TS1/4 on input line 360.
Package textcomp Info: Setting pbk sub-encoding to TS1/4 on input line 361.
Package textcomp Info: Setting pnc sub-encoding to TS1/4 on input line 362.
Package textcomp Info: Setting pzc sub-encoding to TS1/4 on input line 363.
Package textcomp Info: Setting bch sub-encoding to TS1/4 on input line 364.
Package textcomp Info: Setting put sub-encoding to TS1/5 on input line 365.
Package textcomp Info: Setting uag sub-encoding to TS1/5 on input line 366.
Package textcomp Info: Setting ugq sub-encoding to TS1/5 on input line 367.
Package textcomp Info: Setting ul8 sub-encoding to TS1/4 on input line 368.
Package textcomp Info: Setting ul9 sub-encoding to TS1/4 on input line 369.
Package textcomp Info: Setting augie sub-encoding to TS1/5 on input line 370.
Package textcomp Info: Setting dayrom sub-encoding to TS1/3 on input line 371.
Package textcomp Info: Setting dayroms sub-encoding to TS1/3 on input line 372.

Package textcomp Info: Setting pxr sub-encoding to TS1/0 on input line 373.
Package textcomp Info: Setting pxss sub-encoding to TS1/0 on input line 374.
Package textcomp Info: Setting pxtt sub-encoding to TS1/0 on input line 375.
Package textcomp Info: Setting txr sub-encoding to TS1/0 on input line 376.
Package textcomp Info: Setting txss sub-encoding to TS1/0 on input line 377.
Package textcomp Info: Setting txtt sub-encoding to TS1/0 on input line 378.
Package textcomp Info: Setting lmr sub-encoding to TS1/0 on input line 379.
Package textcomp Info: Setting lmdh sub-encoding to TS1/0 on input line 380.
Package textcomp Info: Setting lmss sub-encoding to TS1/0 on input line 381.
Package textcomp Info: Setting lmssq sub-encoding to TS1/0 on input line 382.
Package textcomp Info: Setting lmvtt sub-encoding to TS1/0 on input line 383.
Package textcomp Info: Setting lmtt sub-encoding to TS1/0 on input line 384.
Package textcomp Info: Setting qhv sub-encoding to TS1/0 on input line 385.
Package textcomp Info: Setting qag sub-encoding to TS1/0 on input line 386.
Package textcomp Info: Setting qbk sub-encoding to TS1/0 on input line 387.
Package textcomp Info: Setting qcr sub-encoding to TS1/0 on input line 388.
Package textcomp Info: Setting qcs sub-encoding to TS1/0 on input line 389.
Package textcomp Info: Setting qpl sub-encoding to TS1/0 on input line 390.
Package textcomp Info: Setting qtm sub-encoding to TS1/0 on input line 391.
Package textcomp Info: Setting qzc sub-encoding to TS1/0 on input line 392.
Package textcomp Info: Setting qhvc sub-encoding to TS1/0 on input line 393.
Package textcomp Info: Setting futs sub-encoding to TS1/4 on input line 394.
Package textcomp Info: Setting futx sub-encoding to TS1/4 on input line 395.
Package textcomp Info: Setting futj sub-encoding to TS1/4 on input line 396.
Package textcomp Info: Setting hlh sub-encoding to TS1/3 on input line 397.
Package textcomp Info: Setting hls sub-encoding to TS1/3 on input line 398.
Package textcomp Info: Setting hlst sub-encoding to TS1/3 on input line 399.
Package textcomp Info: Setting hlct sub-encoding to TS1/5 on input line 400.
Package textcomp Info: Setting hlx sub-encoding to TS1/5 on input line 401.
Package textcomp Info: Setting hlce sub-encoding to TS1/5 on input line 402.
Package textcomp Info: Setting hlcn sub-encoding to TS1/5 on input line 403.
Package textcomp Info: Setting hlcw sub-encoding to TS1/5 on input line 404.
Package textcomp Info: Setting hlcf sub-encoding to TS1/5 on input line 405.
Package textcomp Info: Setting pplx sub-encoding to TS1/3 on input line 406.
Package textcomp Info: Setting pplj sub-encoding to TS1/3 on input line 407.
Package textcomp Info: Setting ptmx sub-encoding to TS1/4 on input line 408.
Package textcomp Info: Setting ptmj sub-encoding to TS1/4 on input line 409.
) (/usr/local/texlive/2019/texmf-dist/tex/latex/upquote/upquote.sty
Package: upquote 2012/04/19 v1.3 upright-quote and grave-accent glyphs in verba
tim
) (/usr/local/texlive/2019/texmf-dist/tex/latex/microtype/microtype.sty
Package: microtype 2019/02/28 v2.7b Micro-typographical refinements (RS)
(/usr/local/texlive/2019/texmf-dist/tex/latex/graphics/keyval.sty
Package: keyval 2014/10/28 v1.15 key=value parser (DPC)
\KV@toks@=\toks22
)
\MT@toks=\toks23
\MT@count=\count100
LaTeX Info: Redefining \textls on input line 790.
\MT@outer@kern=\dimen112
LaTeX Info: Redefining \textmicrotypecontext on input line 1336.
\MT@listname@count=\count101
(/usr/local/texlive/2019/texmf-dist/tex/latex/microtype/microtype-pdftex.def
File: microtype-pdftex.def 2019/02/28 v2.7b Definitions specific to pdftex (RS)

LaTeX Info: Redefining \lsstyle on input line 914.
LaTeX Info: Redefining \lslig on input line 914.
\MT@outer@space=\skip46
)
Package microtype Info: Loading configuration file microtype.cfg.
(/usr/local/texlive/2019/texmf-dist/tex/latex/microtype/microtype.cfg
File: microtype.cfg 2019/02/28 v2.7b microtype main configuration file (RS)
)) (/usr/local/texlive/2019/texmf-dist/tex/latex/parskip/parskip.sty
Package: parskip 2019-01-16 v2.0c non-zero parskip adjustments
(/usr/local/texlive/2019/texmf-dist/tex/latex/oberdiek/kvoptions.sty
Package: kvoptions 2016/05/16 v3.12 Key value format for package options (HO)
(/usr/local/texlive/2019/texmf-dist/tex/generic/oberdiek/ltxcmds.sty
Package: ltxcmds 2016/05/16 v1.23 LaTeX kernel commands for general use (HO)
) (/usr/local/texlive/2019/texmf-dist/tex/generic/oberdiek/kvsetkeys.sty
Package: kvsetkeys 2016/05/16 v1.17 Key value parser (HO)
(/usr/local/texlive/2019/texmf-dist/tex/generic/oberdiek/infwarerr.sty
Package: infwarerr 2016/05/16 v1.4 Providing info/warning/error messages (HO)
) (/usr/local/texlive/2019/texmf-dist/tex/generic/oberdiek/etexcmds.sty
Package: etexcmds 2016/05/16 v1.6 Avoid name clashes with e-TeX commands (HO)
))) (/usr/local/texlive/2019/texmf-dist/tex/latex/etoolbox/etoolbox.sty
Package: etoolbox 2018/08/19 v2.5f e-TeX tools for LaTeX (JAW)
\etb@tempcnta=\count102
)) (/usr/local/texlive/2019/texmf-dist/tex/latex/xcolor/xcolor.sty
Package: xcolor 2016/05/11 v2.12 LaTeX color extensions (UK)
(/usr/local/texlive/2019/texmf-dist/tex/latex/graphics-cfg/color.cfg
File: color.cfg 2016/01/02 v1.6 sample color configuration
)
Package xcolor Info: Driver file: pdftex.def on input line 225.
(/usr/local/texlive/2019/texmf-dist/tex/latex/graphics-def/pdftex.def
File: pdftex.def 2018/01/08 v1.0l Graphics/color driver for pdftex
)
Package xcolor Info: Model `cmy' substituted by `cmy0' on input line 1348.
Package xcolor Info: Model `hsb' substituted by `rgb' on input line 1352.
Package xcolor Info: Model `RGB' extended on input line 1364.
Package xcolor Info: Model `HTML' substituted by `rgb' on input line 1366.
Package xcolor Info: Model `Hsb' substituted by `hsb' on input line 1367.
Package xcolor Info: Model `tHsb' substituted by `hsb' on input line 1368.
Package xcolor Info: Model `HSB' substituted by `hsb' on input line 1369.
Package xcolor Info: Model `Gray' substituted by `gray' on input line 1370.
Package xcolor Info: Model `wave' substituted by `hsb' on input line 1371.
) (/usr/local/texlive/2019/texmf-dist/tex/latex/xurl/xurl.sty
Package: xurl 2018/12/23 v 0.07 modify URL breaks
(/usr/local/texlive/2019/texmf-dist/tex/latex/url/url.sty
\Urlmuskip=\muskip11
Package: url 2013/09/16  ver 3.4  Verb mode for urls, etc.
)) (/usr/local/texlive/2019/texmf-dist/tex/latex/oberdiek/bookmark.sty
Package: bookmark 2016/05/17 v1.26 PDF bookmarks (HO)
(/usr/local/texlive/2019/texmf-dist/tex/generic/oberdiek/pdfescape.sty
Package: pdfescape 2016/05/16 v1.14 Implements pdfTeX's escape features (HO)
(/usr/local/texlive/2019/texmf-dist/tex/generic/oberdiek/pdftexcmds.sty
Package: pdftexcmds 2018/09/10 v0.29 Utility functions of pdfTeX for LuaTeX (HO
)
(/usr/local/texlive/2019/texmf-dist/tex/generic/oberdiek/ifpdf.sty
Package: ifpdf 2018/09/07 v3.3 Provides the ifpdf switch
)
Package pdftexcmds Info: LuaTeX not detected.
Package pdftexcmds Info: \pdf@primitive is available.
Package pdftexcmds Info: \pdf@ifprimitive is available.
Package pdftexcmds Info: \pdfdraftmode found.
)) (/usr/local/texlive/2019/texmf-dist/tex/generic/oberdiek/ifvtex.sty
Package: ifvtex 2016/05/16 v1.6 Detect VTeX and its facilities (HO)
Package ifvtex Info: VTeX not detected.
) (/usr/local/texlive/2019/texmf-dist/tex/latex/hyperref/hyperref.sty
Package: hyperref 2018/11/30 v6.88e Hypertext links for LaTeX
(/usr/local/texlive/2019/texmf-dist/tex/generic/oberdiek/hobsub-hyperref.sty
Package: hobsub-hyperref 2016/05/16 v1.14 Bundle oberdiek, subset hyperref (HO)

(/usr/local/texlive/2019/texmf-dist/tex/generic/oberdiek/hobsub-generic.sty
Package: hobsub-generic 2016/05/16 v1.14 Bundle oberdiek, subset generic (HO)
Package: hobsub 2016/05/16 v1.14 Construct package bundles (HO)
Package hobsub Info: Skipping package `infwarerr' (already loaded).
Package hobsub Info: Skipping package `ltxcmds' (already loaded).
Package hobsub Info: Skipping package `ifluatex' (already loaded).
Package hobsub Info: Skipping package `ifvtex' (already loaded).
Package: intcalc 2016/05/16 v1.2 Expandable calculations with integers (HO)
Package hobsub Info: Skipping package `ifpdf' (already loaded).
Package hobsub Info: Skipping package `etexcmds' (already loaded).
Package hobsub Info: Skipping package `kvsetkeys' (already loaded).
Package: kvdefinekeys 2016/05/16 v1.4 Define keys (HO)
Package hobsub Info: Skipping package `pdftexcmds' (already loaded).
Package hobsub Info: Skipping package `pdfescape' (already loaded).
Package: bigintcalc 2016/05/16 v1.4 Expandable calculations on big integers (HO
)
Package: bitset 2016/05/16 v1.2 Handle bit-vector datatype (HO)
Package: uniquecounter 2016/05/16 v1.3 Provide unlimited unique counter (HO)
)
Package hobsub Info: Skipping package `hobsub' (already loaded).
Package: letltxmacro 2016/05/16 v1.5 Let assignment for LaTeX macros (HO)
Package: hopatch 2016/05/16 v1.3 Wrapper for package hooks (HO)
Package: xcolor-patch 2016/05/16 xcolor patch
Package: atveryend 2016/05/16 v1.9 Hooks at the very end of document (HO)
Package: atbegshi 2016/06/09 v1.18 At begin shipout hook (HO)
Package: refcount 2016/05/16 v3.5 Data extraction from label references (HO)
Package: hycolor 2016/05/16 v1.8 Color options for hyperref/bookmark (HO)
) (/usr/local/texlive/2019/texmf-dist/tex/latex/oberdiek/auxhook.sty
Package: auxhook 2016/05/16 v1.4 Hooks for auxiliary files (HO)
)
\@linkdim=\dimen113
\Hy@linkcounter=\count103
\Hy@pagecounter=\count104
(/usr/local/texlive/2019/texmf-dist/tex/latex/hyperref/pd1enc.def
File: pd1enc.def 2018/11/30 v6.88e Hyperref: PDFDocEncoding definition (HO)
Now handling font encoding PD1 ...
... no UTF-8 mapping file for font encoding PD1
)
\Hy@SavedSpaceFactor=\count105
(/usr/local/texlive/2019/texmf-dist/tex/latex/latexconfig/hyperref.cfg
File: hyperref.cfg 2002/06/06 v1.2 hyperref configuration of TeXLive
)
Package hyperref Info: Option `unicode' set `true' on input line 4393.
(/usr/local/texlive/2019/texmf-dist/tex/latex/hyperref/puenc.def
File: puenc.def 2018/11/30 v6.88e Hyperref: PDF Unicode definition (HO)
Now handling font encoding PU ...
... no UTF-8 mapping file for font encoding PU
)
Package hyperref Info: Hyper figures OFF on input line 4519.
Package hyperref Info: Link nesting OFF on input line 4524.
Package hyperref Info: Hyper index ON on input line 4527.
Package hyperref Info: Plain pages OFF on input line 4534.
Package hyperref Info: Backreferencing OFF on input line 4539.
Package hyperref Info: Implicit mode ON; LaTeX internals redefined.
Package hyperref Info: Bookmarks ON on input line 4772.
\c@Hy@tempcnt=\count106
LaTeX Info: Redefining \url on input line 5125.
\XeTeXLinkMargin=\dimen114
\Fld@menulength=\count107
\Field@Width=\dimen115
\Fld@charsize=\dimen116
Package hyperref Info: Hyper figures OFF on input line 6380.
Package hyperref Info: Link nesting OFF on input line 6385.
Package hyperref Info: Hyper index ON on input line 6388.
Package hyperref Info: backreferencing OFF on input line 6395.
Package hyperref Info: Link coloring OFF on input line 6400.
Package hyperref Info: Link coloring with OCG OFF on input line 6405.
Package hyperref Info: PDF/A mode OFF on input line 6410.
LaTeX Info: Redefining \ref on input line 6450.
LaTeX Info: Redefining \pageref on input line 6454.
\Hy@abspage=\count108
\c@Item=\count109
\c@Hfootnote=\count110
)
Package hyperref Info: Driver (autodetected): hpdftex.
(/usr/local/texlive/2019/texmf-dist/tex/latex/hyperref/hpdftex.def
File: hpdftex.def 2018/11/30 v6.88e Hyperref driver for pdfTeX
\Fld@listcount=\count111
\c@bookmark@seq@number=\count112
(/usr/local/texlive/2019/texmf-dist/tex/latex/oberdiek/rerunfilecheck.sty
Package: rerunfilecheck 2016/05/16 v1.8 Rerun checks for auxiliary files (HO)
Package uniquecounter Info: New unique counter `rerunfilecheck' on input line 2
82.
)
\Hy@SectionHShift=\skip47
) (/usr/local/texlive/2019/texmf-dist/tex/latex/oberdiek/bkm-pdftex.def
File: bkm-pdftex.def 2016/05/17 v1.26 bookmark driver for pdfTeX (HO)
\BKM@id=\count113
)) (/usr/local/texlive/2019/texmf-dist/tex/latex/geometry/geometry.sty
Package: geometry 2018/04/16 v5.8 Page Geometry
\Gm@cnth=\count114
\Gm@cntv=\count115
\c@Gm@tempcnt=\count116
\Gm@bindingoffset=\dimen117
\Gm@wd@mp=\dimen118
\Gm@odd@mp=\dimen119
\Gm@even@mp=\dimen120
\Gm@layoutwidth=\dimen121
\Gm@layoutheight=\dimen122
\Gm@layouthoffset=\dimen123
\Gm@layoutvoffset=\dimen124
\Gm@dimlist=\toks24
) (/usr/local/texlive/2019/texmf-dist/tex/latex/fancyvrb/fancyvrb.sty
Package: fancyvrb 2019/01/15
Style option: `fancyvrb' v3.2a <2019/01/15> (tvz)
\FV@CodeLineNo=\count117
\FV@InFile=\read1
\FV@TabBox=\box29
\c@FancyVerbLine=\count118
\FV@StepNumber=\count119
\FV@OutFile=\write3
) (/usr/local/texlive/2019/texmf-dist/tex/latex/framed/framed.sty
Package: framed 2011/10/22 v 0.96: framed or shaded text with page breaks
\OuterFrameSep=\skip48
\fb@frw=\dimen125
\fb@frh=\dimen126
\FrameRule=\dimen127
\FrameSep=\dimen128
) (/usr/local/texlive/2019/texmf-dist/tex/latex/graphics/graphicx.sty
Package: graphicx 2017/06/01 v1.1a Enhanced LaTeX Graphics (DPC,SPQR)
(/usr/local/texlive/2019/texmf-dist/tex/latex/graphics/graphics.sty
Package: graphics 2017/06/25 v1.2c Standard LaTeX Graphics (DPC,SPQR)
(/usr/local/texlive/2019/texmf-dist/tex/latex/graphics/trig.sty
Package: trig 2016/01/03 v1.10 sin cos tan (DPC)
) (/usr/local/texlive/2019/texmf-dist/tex/latex/graphics-cfg/graphics.cfg
File: graphics.cfg 2016/06/04 v1.11 sample graphics configuration
)
Package graphics Info: Driver file: pdftex.def on input line 99.
)
\Gin@req@height=\dimen129
\Gin@req@width=\dimen130
) (/usr/local/texlive/2019/texmf-dist/tex/latex/caption/caption.sty
Package: caption 2018/10/06 v3.3-154 Customizing captions (AR)
(/usr/local/texlive/2019/texmf-dist/tex/latex/caption/caption3.sty
Package: caption3 2018/09/12 v1.8c caption3 kernel (AR)
Package caption3 Info: TeX engine: e-TeX on input line 64.
\captionmargin=\dimen131
\captionmargin@=\dimen132
\captionwidth=\dimen133
\caption@tempdima=\dimen134
\caption@indent=\dimen135
\caption@parindent=\dimen136
\caption@hangindent=\dimen137
)
\c@caption@flags=\count120
\c@ContinuedFloat=\count121
Package caption Info: hyperref package is loaded.
) (./memoria.aux)
\openout1 = `memoria.aux'.

LaTeX Font Info:    Checking defaults for OML/cmm/m/it on input line 108.
LaTeX Font Info:    ... okay on input line 108.
LaTeX Font Info:    Checking defaults for T1/cmr/m/n on input line 108.
LaTeX Font Info:    ... okay on input line 108.
LaTeX Font Info:    Checking defaults for OT1/cmr/m/n on input line 108.
LaTeX Font Info:    ... okay on input line 108.
LaTeX Font Info:    Checking defaults for OMS/cmsy/m/n on input line 108.
LaTeX Font Info:    ... okay on input line 108.
LaTeX Font Info:    Checking defaults for OMX/cmex/m/n on input line 108.
LaTeX Font Info:    ... okay on input line 108.
LaTeX Font Info:    Checking defaults for U/cmr/m/n on input line 108.
LaTeX Font Info:    ... okay on input line 108.
LaTeX Font Info:    Checking defaults for TS1/cmr/m/n on input line 108.
LaTeX Font Info:    Try loading font information for TS1+cmr on input line 108.

(/usr/local/texlive/2019/texmf-dist/tex/latex/base/ts1cmr.fd
File: ts1cmr.fd 2014/09/29 v2.5h Standard LaTeX font definitions
)
LaTeX Font Info:    ... okay on input line 108.
LaTeX Font Info:    Checking defaults for PD1/pdf/m/n on input line 108.
LaTeX Font Info:    ... okay on input line 108.
LaTeX Font Info:    Checking defaults for PU/pdf/m/n on input line 108.
LaTeX Font Info:    ... okay on input line 108.
LaTeX Font Info:    Try loading font information for T1+lmr on input line 108.
(/usr/local/texlive/2019/texmf-dist/tex/latex/lm/t1lmr.fd
File: t1lmr.fd 2009/10/30 v1.6 Font defs for Latin Modern
)
LaTeX Info: Redefining \microtypecontext on input line 108.
Package microtype Info: Generating PDF output.
Package microtype Info: Character protrusion enabled (level 2).
Package microtype Info: Using protrusion set `basicmath'.
Package microtype Info: Automatic font expansion enabled (level 2),
(microtype)             stretch: 20, shrink: 20, step: 1, non-selected.
Package microtype Info: Using default expansion set `basictext'.
Package microtype Info: No adjustment of tracking.
Package microtype Info: No adjustment of interword spacing.
Package microtype Info: No adjustment of character kerning.
(/usr/local/texlive/2019/texmf-dist/tex/latex/microtype/mt-cmr.cfg
File: mt-cmr.cfg 2013/05/19 v2.2 microtype config. file: Computer Modern Roman 
(RS)
) (/usr/local/texlive/2019/texmf-dist/tex/context/base/mkii/supp-pdf.mkii
[Loading MPS to PDF converter (version 2006.09.02).]
\scratchcounter=\count122
\scratchdimen=\dimen138
\scratchbox=\box30
\nofMPsegments=\count123
\nofMParguments=\count124
\everyMPshowfont=\toks25
\MPscratchCnt=\count125
\MPscratchDim=\dimen139
\MPnumerator=\count126
\makeMPintoPDFobject=\count127
\everyMPtoPDFconversion=\toks26
) (/usr/local/texlive/2019/texmf-dist/tex/latex/oberdiek/epstopdf-base.sty
Package: epstopdf-base 2016/05/15 v2.6 Base part for package epstopdf
(/usr/local/texlive/2019/texmf-dist/tex/latex/oberdiek/grfext.sty
Package: grfext 2016/05/16 v1.2 Manage graphics extensions (HO)
)
Package epstopdf-base Info: Redefining graphics rule for `.eps' on input line 4
38.
Package grfext Info: Graphics extension search list:
(grfext)             [.pdf,.png,.jpg,.mps,.jpeg,.jbig2,.jb2,.PDF,.PNG,.JPG,.JPE
G,.JBIG2,.JB2,.eps]
(grfext)             \AppendGraphicsExtensions on input line 456.
(/usr/local/texlive/2019/texmf-dist/tex/latex/latexconfig/epstopdf-sys.cfg
File: epstopdf-sys.cfg 2010/07/13 v1.3 Configuration of (r)epstopdf for TeX Liv
e
))
\AtBeginShipoutBox=\box31
Package hyperref Info: Link coloring OFF on input line 108.
(/usr/local/texlive/2019/texmf-dist/tex/latex/hyperref/nameref.sty
Package: nameref 2016/05/21 v2.44 Cross-referencing by name of section
(/usr/local/texlive/2019/texmf-dist/tex/generic/oberdiek/gettitlestring.sty
Package: gettitlestring 2016/05/16 v1.5 Cleanup title references (HO)
)
\c@section@level=\count128
)
LaTeX Info: Redefining \ref on input line 108.
LaTeX Info: Redefining \pageref on input line 108.
LaTeX Info: Redefining \nameref on input line 108.
*geometry* driver: auto-detecting
*geometry* detected driver: pdftex
*geometry* verbose mode - [ preamble ] result:
* driver: pdftex
* paper: <default>
* layout: <same size as paper>
* layoutoffset:(h,v)=(0.0pt,0.0pt)
* modes: 
* h-part:(L,W,R)=(72.26999pt, 469.75502pt, 72.26999pt)
* v-part:(T,H,B)=(72.26999pt, 650.43001pt, 72.26999pt)
* \paperwidth=614.295pt
* \paperheight=794.96999pt
* \textwidth=469.75502pt
* \textheight=650.43001pt
* \oddsidemargin=0.0pt
* \evensidemargin=0.0pt
* \topmargin=-37.0pt
* \headheight=12.0pt
* \headsep=25.0pt
* \topskip=10.0pt
* \footskip=30.0pt
* \marginparwidth=65.0pt
* \marginparsep=11.0pt
* \columnsep=10.0pt
* \skip\footins=9.0pt plus 4.0pt minus 2.0pt
* \hoffset=0.0pt
* \voffset=0.0pt
* \mag=1000
* \@twocolumnfalse
* \@twosidefalse
* \@mparswitchfalse
* \@reversemarginfalse
* (1in=72.27pt=25.4mm, 1cm=28.453pt)

Package caption Info: Begin \AtBeginDocument code.
Package caption Info: End \AtBeginDocument code.
LaTeX Font Info:    Try loading font information for OT1+lmr on input line 110.

(/usr/local/texlive/2019/texmf-dist/tex/latex/lm/ot1lmr.fd
File: ot1lmr.fd 2009/10/30 v1.6 Font defs for Latin Modern
)
LaTeX Font Info:    Try loading font information for OML+lmm on input line 110.

(/usr/local/texlive/2019/texmf-dist/tex/latex/lm/omllmm.fd
File: omllmm.fd 2009/10/30 v1.6 Font defs for Latin Modern
)
LaTeX Font Info:    Try loading font information for OMS+lmsy on input line 110
.
(/usr/local/texlive/2019/texmf-dist/tex/latex/lm/omslmsy.fd
File: omslmsy.fd 2009/10/30 v1.6 Font defs for Latin Modern
)
LaTeX Font Info:    Try loading font information for OMX+lmex on input line 110
.
(/usr/local/texlive/2019/texmf-dist/tex/latex/lm/omxlmex.fd
File: omxlmex.fd 2009/10/30 v1.6 Font defs for Latin Modern
)
LaTeX Font Info:    External font `lmex10' loaded for size
(Font)              <12> on input line 110.
LaTeX Font Info:    External font `lmex10' loaded for size
(Font)              <8> on input line 110.
LaTeX Font Info:    External font `lmex10' loaded for size
(Font)              <6> on input line 110.
LaTeX Font Info:    Try loading font information for U+msa on input line 110.
(/usr/local/texlive/2019/texmf-dist/tex/latex/amsfonts/umsa.fd
File: umsa.fd 2013/01/14 v3.01 AMS symbols A
) (/usr/local/texlive/2019/texmf-dist/tex/latex/microtype/mt-msa.cfg
File: mt-msa.cfg 2006/02/04 v1.1 microtype config. file: AMS symbols (a) (RS)
)
LaTeX Font Info:    Try loading font information for U+msb on input line 110.
(/usr/local/texlive/2019/texmf-dist/tex/latex/amsfonts/umsb.fd
File: umsb.fd 2013/01/14 v3.01 AMS symbols B
) (/usr/local/texlive/2019/texmf-dist/tex/latex/microtype/mt-msb.cfg
File: mt-msb.cfg 2005/06/01 v1.0 microtype config. file: AMS symbols (b) (RS)
)
LaTeX Font Info:    Try loading font information for T1+lmtt on input line 111.

(/usr/local/texlive/2019/texmf-dist/tex/latex/lm/t1lmtt.fd
File: t1lmtt.fd 2009/10/30 v1.6 Font defs for Latin Modern
)
LaTeX Font Info:    Try loading font information for TS1+lmtt on input line 122
.
(/usr/local/texlive/2019/texmf-dist/tex/latex/lm/ts1lmtt.fd
File: ts1lmtt.fd 2009/10/30 v1.6 Font defs for Latin Modern
)
LaTeX Font Info:    Try loading font information for TS1+lmr on input line 127.

(/usr/local/texlive/2019/texmf-dist/tex/latex/lm/ts1lmr.fd
File: ts1lmr.fd 2009/10/30 v1.6 Font defs for Latin Modern
) [1

{/usr/local/texlive/2019/texmf-var/fonts/map/pdftex/updmap/pdftex.map}]
LaTeX Font Info:    External font `lmex10' loaded for size
(Font)              <10> on input line 138.
LaTeX Font Info:    External font `lmex10' loaded for size
(Font)              <7> on input line 138.
LaTeX Font Info:    External font `lmex10' loaded for size
(Font)              <5> on input line 138.
[2]
LaTeX Font Info:    Font shape `T1/lmtt/bx/n' in size <10> not available
(Font)              Font shape `T1/lmtt/b/n' tried instead on input line 329.
[3] [4]
<memoria_files/figure-latex/unnamed-chunk-7-1.pdf, id=100, 477.785pt x 224.84pt
>
File: memoria_files/figure-latex/unnamed-chunk-7-1.pdf Graphic file (type pdf)
<use memoria_files/figure-latex/unnamed-chunk-7-1.pdf>
Package pdftex.def Info: memoria_files/figure-latex/unnamed-chunk-7-1.pdf  used
 on input line 428.
(pdftex.def)             Requested size: 469.7571pt x 221.06215pt.
<./capturas/Depuracion/woebin_mort30_dementia.png, id=101, 1150.2975pt x 561.09
625pt>
File: ./capturas/Depuracion/woebin_mort30_dementia.png Graphic file (type png)
<use ./capturas/Depuracion/woebin_mort30_dementia.png>
Package pdftex.def Info: ./capturas/Depuracion/woebin_mort30_dementia.png  used
 on input line 458.
(pdftex.def)             Requested size: 465.06055pt x 226.84889pt.

LaTeX Warning: `!h' float specifier changed to `!ht'.

[5 <./memoria_files/figure-latex/unnamed-chunk-7-1.pdf>]
<./capturas/Depuracion/dow.png, id=114, 709.65125pt x 705.63625pt>
File: ./capturas/Depuracion/dow.png Graphic file (type png)
<use ./capturas/Depuracion/dow.png>
Package pdftex.def Info: ./capturas/Depuracion/dow.png  used on input line 541.

(pdftex.def)             Requested size: 305.33899pt x 303.61148pt.

LaTeX Warning: `!h' float specifier changed to `!ht'.

[6 <./capturas/Depuracion/woebin_mort30_dementia.png>]
<memoria_files/figure-latex/unnamed-chunk-13-1.pdf, id=124, 499.8675pt x 273.02
pt>
File: memoria_files/figure-latex/unnamed-chunk-13-1.pdf Graphic file (type pdf)

<use memoria_files/figure-latex/unnamed-chunk-13-1.pdf>
Package pdftex.def Info: memoria_files/figure-latex/unnamed-chunk-13-1.pdf  use
d on input line 550.
(pdftex.def)             Requested size: 469.76872pt x 256.5805pt.
[7 <./capturas/Depuracion/dow.png> <./memoria_files/figure-latex/unnamed-chunk-
13-1.pdf>]
<./capturas/Depuracion/month.png, id=140, 710.655pt x 710.655pt>
File: ./capturas/Depuracion/month.png Graphic file (type png)
<use ./capturas/Depuracion/month.png>
Package pdftex.def Info: ./capturas/Depuracion/month.png  used on input line 58
5.
(pdftex.def)             Requested size: 352.32292pt x 352.32292pt.
[8 <./capturas/Depuracion/month.png>]
<memoria_files/figure-latex/unnamed-chunk-16-1.pdf, id=150, 463.7325pt x 309.15
5pt>
File: memoria_files/figure-latex/unnamed-chunk-16-1.pdf Graphic file (type pdf)

<use memoria_files/figure-latex/unnamed-chunk-16-1.pdf>
Package pdftex.def Info: memoria_files/figure-latex/unnamed-chunk-16-1.pdf  use
d on input line 605.
(pdftex.def)             Requested size: 463.73842pt x 309.15895pt.
[9 <./memoria_files/figure-latex/unnamed-chunk-16-1.pdf>]
<memoria_files/figure-latex/unnamed-chunk-21-1.pdf, id=164, 495.8525pt x 272.01
625pt>
File: memoria_files/figure-latex/unnamed-chunk-21-1.pdf Graphic file (type pdf)

<use memoria_files/figure-latex/unnamed-chunk-21-1.pdf>
Package pdftex.def Info: memoria_files/figure-latex/unnamed-chunk-21-1.pdf  use
d on input line 719.
(pdftex.def)             Requested size: 469.75583pt x 257.70006pt.
[10]
<memoria_files/figure-latex/unnamed-chunk-22-1.pdf, id=178, 495.8525pt x 272.01
625pt>
File: memoria_files/figure-latex/unnamed-chunk-22-1.pdf Graphic file (type pdf)

<use memoria_files/figure-latex/unnamed-chunk-22-1.pdf>
Package pdftex.def Info: memoria_files/figure-latex/unnamed-chunk-22-1.pdf  use
d on input line 729.
(pdftex.def)             Requested size: 469.75583pt x 257.70006pt.
[11 <./memoria_files/figure-latex/unnamed-chunk-21-1.pdf> <./memoria_files/figu
re-latex/unnamed-chunk-22-1.pdf>] [12] [13]
<./charts/01_feature_selection_RFE_LR_whole_dataset.png, id=220, 3884.5125pt x 
2287.54625pt>
File: ./charts/01_feature_selection_RFE_LR_whole_dataset.png Graphic file (type
 png)
<use ./charts/01_feature_selection_RFE_LR_whole_dataset.png>
Package pdftex.def Info: ./charts/01_feature_selection_RFE_LR_whole_dataset.png
  used on input line 991.
(pdftex.def)             Requested size: 465.05449pt x 273.86542pt.

LaTeX Warning: `!h' float specifier changed to `!ht'.

[14] [15 <./charts/01_feature_selection_RFE_LR_whole_dataset.png>]
<./charts/01_feature_selection_RFE_RF_whole_dataset.png, id=237, 3884.5125pt x 
2287.54625pt>
File: ./charts/01_feature_selection_RFE_RF_whole_dataset.png Graphic file (type
 png)
<use ./charts/01_feature_selection_RFE_RF_whole_dataset.png>
Package pdftex.def Info: ./charts/01_feature_selection_RFE_RF_whole_dataset.png
  used on input line 1035.
(pdftex.def)             Requested size: 465.05449pt x 273.86542pt.
<./charts/01_feature_selection_primera_comparacion.png, id=238, 4110.35625pt x 
2287.54625pt>
File: ./charts/01_feature_selection_primera_comparacion.png Graphic file (type 
png)
<use ./charts/01_feature_selection_primera_comparacion.png>
Package pdftex.def Info: ./charts/01_feature_selection_primera_comparacion.png 
 used on input line 1058.
(pdftex.def)             Requested size: 464.99797pt x 258.7864pt.

LaTeX Warning: `!h' float specifier changed to `!ht'.

[16 <./charts/01_feature_selection_RFE_RF_whole_dataset.png>]
<./charts/01_feature_selection_segunda_comparacion.png, id=251, 3963.80875pt x 
2508.37125pt>
File: ./charts/01_feature_selection_segunda_comparacion.png Graphic file (type 
png)
<use ./charts/01_feature_selection_segunda_comparacion.png>
Package pdftex.def Info: ./charts/01_feature_selection_segunda_comparacion.png 
 used on input line 1131.
(pdftex.def)             Requested size: 455.61673pt x 288.32266pt.

LaTeX Warning: `!h' float specifier changed to `!ht'.

[17 <./charts/01_feature_selection_primera_comparacion.png>]
<./charts/01_feature_selection_comparacion_random_forest.png, id=260, 4457.6537
5pt x 2801.46625pt>
File: ./charts/01_feature_selection_comparacion_random_forest.png Graphic file 
(type png)
<use ./charts/01_feature_selection_comparacion_random_forest.png>
Package pdftex.def Info: ./charts/01_feature_selection_comparacion_random_fores
t.png  used on input line 1159.
(pdftex.def)             Requested size: 465.04065pt x 292.2604pt.

LaTeX Warning: `!h' float specifier changed to `!ht'.

<./charts/01_feature_selection_comparacion_final.png, id=261, 4001.95125pt x 19
86.42125pt>
File: ./charts/01_feature_selection_comparacion_final.png Graphic file (type pn
g)
<use ./charts/01_feature_selection_comparacion_final.png>
Package pdftex.def Info: ./charts/01_feature_selection_comparacion_final.png  u
sed on input line 1224.
(pdftex.def)             Requested size: 465.0083pt x 230.81299pt.

LaTeX Warning: `!h' float specifier changed to `!ht'.

[18 <./charts/01_feature_selection_segunda_comparacion.png>] [19 <./charts/01_f
eature_selection_comparacion_random_forest.png> <./charts/01_feature_selection_
comparacion_final.png>]
<./charts/01_feature_selection_comparacion_5_10_rep.png, id=282, 3889.53125pt x
 1940.24875pt>
File: ./charts/01_feature_selection_comparacion_5_10_rep.png Graphic file (type
 png)
<use ./charts/01_feature_selection_comparacion_5_10_rep.png>
Package pdftex.def Info: ./charts/01_feature_selection_comparacion_5_10_rep.png
  used on input line 1272.
(pdftex.def)             Requested size: 465.06183pt x 231.99084pt.
[20 <./charts/01_feature_selection_comparacion_5_10_rep.png>]
Overfull \hbox (28.99353pt too wide) in paragraph at lines 1356--1356
[]                                              \T1/lmtt/m/n/10 model_id       
auc   logloss mean_per_class_error[] 
 []


Overfull \hbox (28.99353pt too wide) in paragraph at lines 1356--1356
[]\T1/lmtt/m/n/10 1                         GBM_5_AutoML_20210422_174850 0.9211
350 0.2591059            0.1608837[] 
 []


Overfull \hbox (28.99353pt too wide) in paragraph at lines 1356--1356
[]\T1/lmtt/m/n/10 2  StackedEnsemble_BestOfFamily_AutoML_20210422_174850 0.9208
431 0.2647496            0.1603029[] 
 []


Overfull \hbox (28.99353pt too wide) in paragraph at lines 1356--1356
[]\T1/lmtt/m/n/10 3                         GBM_1_AutoML_20210422_174850 0.9200
581 0.2690935            0.1659645[] 
 []


Overfull \hbox (28.99353pt too wide) in paragraph at lines 1356--1356
[]\T1/lmtt/m/n/10 4     StackedEnsemble_AllModels_AutoML_20210422_174850 0.9200
033 0.2647962            0.1676764[] 
 []


Overfull \hbox (28.99353pt too wide) in paragraph at lines 1356--1356
[]\T1/lmtt/m/n/10 5                         GBM_2_AutoML_20210422_174850 0.9190
857 0.2695043            0.1648937[] 
 []


Overfull \hbox (28.99353pt too wide) in paragraph at lines 1356--1356
[]\T1/lmtt/m/n/10 6                     XGBoost_3_AutoML_20210422_174850 0.9189
663 0.2613378            0.1651901[] 
 []


Overfull \hbox (28.99353pt too wide) in paragraph at lines 1356--1356
[]\T1/lmtt/m/n/10 7       XGBoost_grid__1_AutoML_20210422_174850_model_1 0.9189
402 0.2629065            0.1675371[] 
 []


Overfull \hbox (28.99353pt too wide) in paragraph at lines 1356--1356
[]\T1/lmtt/m/n/10 8           GBM_grid__1_AutoML_20210422_174850_model_1 0.9187
735 0.2763313            0.1689585[] 
 []


Overfull \hbox (28.99353pt too wide) in paragraph at lines 1356--1356
[]\T1/lmtt/m/n/10 9                         GBM_3_AutoML_20210422_174850 0.9175
951 0.2725404            0.1757392[] 
 []


Overfull \hbox (28.99353pt too wide) in paragraph at lines 1356--1356
[]\T1/lmtt/m/n/10 10                    XGBoost_2_AutoML_20210422_174850 0.9169
047 0.2717032            0.1707306[] 
 []


Overfull \hbox (34.24352pt too wide) in paragraph at lines 1392--1392
[]                                              \T1/lmtt/m/n/10 model_id       
auc   logloss  mean_per_class_error[] 
 []


Overfull \hbox (28.99353pt too wide) in paragraph at lines 1392--1392
[]\T1/lmtt/m/n/10 1                         GBM_5_AutoML_20210422_182719 0.9096
419 0.2700148            0.1646700[] 
 []


Overfull \hbox (28.99353pt too wide) in paragraph at lines 1392--1392
[]\T1/lmtt/m/n/10 2  StackedEnsemble_BestOfFamily_AutoML_20210422_182719 0.9088
350 0.2712222            0.1666722[] 
 []


Overfull \hbox (28.99353pt too wide) in paragraph at lines 1392--1392
[]\T1/lmtt/m/n/10 3     StackedEnsemble_AllModels_AutoML_20210422_182719 0.9083
655 0.2708531            0.1683963[] 
 []

[21]
Overfull \hbox (28.99353pt too wide) in paragraph at lines 1392--1392
[]\T1/lmtt/m/n/10 4                     XGBoost_3_AutoML_20210422_182719 0.9083
145 0.2683037            0.1735557[] 
 []


Overfull \hbox (28.99353pt too wide) in paragraph at lines 1392--1392
[]\T1/lmtt/m/n/10 5                         GBM_1_AutoML_20210422_182719 0.9075
638 0.2769396            0.1730899[] 
 []


Overfull \hbox (28.99353pt too wide) in paragraph at lines 1392--1392
[]\T1/lmtt/m/n/10 6                         GBM_2_AutoML_20210422_182719 0.9072
236 0.2767946            0.1770094[] 
 []


Overfull \hbox (28.99353pt too wide) in paragraph at lines 1392--1392
[]\T1/lmtt/m/n/10 7       XGBoost_grid__1_AutoML_20210422_182719_model_1 0.9065
834 0.2696259            0.1678335[] 
 []


Overfull \hbox (28.99353pt too wide) in paragraph at lines 1392--1392
[]\T1/lmtt/m/n/10 8                     XGBoost_2_AutoML_20210422_182719 0.9064
648 0.2756899            0.1671682[] 
 []


Overfull \hbox (28.99353pt too wide) in paragraph at lines 1392--1392
[]\T1/lmtt/m/n/10 9                     XGBoost_1_AutoML_20210422_182719 0.9047
755 0.2746863            0.1725274[] 
 []


Overfull \hbox (28.99353pt too wide) in paragraph at lines 1392--1392
[]\T1/lmtt/m/n/10 10          GBM_grid__1_AutoML_20210422_182719_model_1 0.9044
822 0.3115999            0.1720491[] 
 []

[22]
<./charts/02_comparacion_tasa_auc_modelo1.png, id=318, 3742.98375pt x 2119.92pt
>
File: ./charts/02_comparacion_tasa_auc_modelo1.png Graphic file (type png)
<use ./charts/02_comparacion_tasa_auc_modelo1.png>
Package pdftex.def Info: ./charts/02_comparacion_tasa_auc_modelo1.png  used on 
input line 1503.
(pdftex.def)             Requested size: 465.01616pt x 263.37198pt.

LaTeX Warning: `!h' float specifier changed to `!ht'.

<./charts/02_comparacion_tasa_auc_modelo1_10rep.png, id=319, 3742.98375pt x 211
9.92pt>
File: ./charts/02_comparacion_tasa_auc_modelo1_10rep.png Graphic file (type png
)
<use ./charts/02_comparacion_tasa_auc_modelo1_10rep.png>
Package pdftex.def Info: ./charts/02_comparacion_tasa_auc_modelo1_10rep.png  us
ed on input line 1525.
(pdftex.def)             Requested size: 465.01616pt x 263.37198pt.

LaTeX Warning: `!h' float specifier changed to `!ht'.

<./charts/02_comparacion_tasa_auc_modelo1_10rep_iters.png, id=320, 3742.98375pt
 x 2119.92pt>
File: ./charts/02_comparacion_tasa_auc_modelo1_10rep_iters.png Graphic file (ty
pe png)
<use ./charts/02_comparacion_tasa_auc_modelo1_10rep_iters.png>
Package pdftex.def Info: ./charts/02_comparacion_tasa_auc_modelo1_10rep_iters.p
ng  used on input line 1543.
(pdftex.def)             Requested size: 465.01616pt x 263.37198pt.

LaTeX Warning: `!h' float specifier changed to `!ht'.

[23] [24 <./charts/02_comparacion_tasa_auc_modelo1.png> <./charts/02_comparacio
n_tasa_auc_modelo1_10rep.png>] [25 <./charts/02_comparacion_tasa_auc_modelo1_10
rep_iters.png>]
<./charts/02_comparacion_tasa_auc_modelo2_5rep.png, id=344, 3742.98375pt x 2119
.92pt>
File: ./charts/02_comparacion_tasa_auc_modelo2_5rep.png Graphic file (type png)

<use ./charts/02_comparacion_tasa_auc_modelo2_5rep.png>
Package pdftex.def Info: ./charts/02_comparacion_tasa_auc_modelo2_5rep.png  use
d on input line 1658.
(pdftex.def)             Requested size: 465.01616pt x 263.37198pt.

LaTeX Warning: `!h' float specifier changed to `!ht'.

File: ./charts/02_comparacion_tasa_auc_modelo2_5rep.png Graphic file (type png)

<use ./charts/02_comparacion_tasa_auc_modelo2_5rep.png>
Package pdftex.def Info: ./charts/02_comparacion_tasa_auc_modelo2_5rep.png  use
d on input line 1675.
(pdftex.def)             Requested size: 465.01616pt x 263.37198pt.

LaTeX Warning: `!h' float specifier changed to `!ht'.

<./charts/02_comparacion_tasa_auc_modelo2_10rep_iters.png, id=345, 4001.95125pt
 x 2119.92pt>
File: ./charts/02_comparacion_tasa_auc_modelo2_10rep_iters.png Graphic file (ty
pe png)
<use ./charts/02_comparacion_tasa_auc_modelo2_10rep_iters.png>
Package pdftex.def Info: ./charts/02_comparacion_tasa_auc_modelo2_10rep_iters.p
ng  used on input line 1690.
(pdftex.def)             Requested size: 465.0083pt x 246.32494pt.

LaTeX Warning: `!h' float specifier changed to `!ht'.

[26] [27 <./charts/02_comparacion_tasa_auc_modelo2_5rep.png>]
<./charts/comparativas/02_log_avnnet_tasa.jpeg, id=359, 4001.95125pt x 2119.92p
t>
File: ./charts/comparativas/02_log_avnnet_tasa.jpeg Graphic file (type jpg)
<use ./charts/comparativas/02_log_avnnet_tasa.jpeg>
Package pdftex.def Info: ./charts/comparativas/02_log_avnnet_tasa.jpeg  used on
 input line 1732.
(pdftex.def)             Requested size: 465.0083pt x 246.32494pt.
<./charts/comparativas/02_log_avnnet_auc.jpeg, id=360, 4001.95125pt x 2119.92pt
>
File: ./charts/comparativas/02_log_avnnet_auc.jpeg Graphic file (type jpg)
<use ./charts/comparativas/02_log_avnnet_auc.jpeg>
Package pdftex.def Info: ./charts/comparativas/02_log_avnnet_auc.jpeg  used on 
input line 1740.
(pdftex.def)             Requested size: 465.0083pt x 246.32494pt.

LaTeX Warning: `!h' float specifier changed to `!ht'.

[28 <./charts/02_comparacion_tasa_auc_modelo2_10rep_iters.png> <./charts/compar
ativas/02_log_avnnet_tasa.jpeg>]
<./charts/OOB_1.png, id=368, 4001.95125pt x 2199.21625pt>
File: ./charts/OOB_1.png Graphic file (type png)
<use ./charts/OOB_1.png>
Package pdftex.def Info: ./charts/OOB_1.png  used on input line 1788.
(pdftex.def)             Requested size: 465.0083pt x 255.5388pt.

LaTeX Warning: `!h' float specifier changed to `!ht'.

<./charts/OOB_2.png, id=369, 4001.95125pt x 2199.21625pt>
File: ./charts/OOB_2.png Graphic file (type png)
<use ./charts/OOB_2.png>
Package pdftex.def Info: ./charts/OOB_2.png  used on input line 1802.
(pdftex.def)             Requested size: 465.0083pt x 255.5388pt.

LaTeX Warning: `!h' float specifier changed to `!ht'.

[29 <./charts/comparativas/02_log_avnnet_auc.jpeg>] [30 <./charts/OOB_1.png> <.
/charts/OOB_2.png>]
<./charts/03_distribucion_auc_tasa_fallos_modelo1.png, id=390, 3537.215pt x 182
6.825pt>
File: ./charts/03_distribucion_auc_tasa_fallos_modelo1.png Graphic file (type p
ng)
<use ./charts/03_distribucion_auc_tasa_fallos_modelo1.png>
Package pdftex.def Info: ./charts/03_distribucion_auc_tasa_fallos_modelo1.png  
used on input line 1878.
(pdftex.def)             Requested size: 465.03555pt x 240.17159pt.

LaTeX Warning: `!h' float specifier changed to `!ht'.

[31]
<./charts/03_distribucion_auc_tasa_fallos_modelo1_comp.png, id=399, 4005.96625p
t x 2467.2175pt>
File: ./charts/03_distribucion_auc_tasa_fallos_modelo1_comp.png Graphic file (t
ype png)
<use ./charts/03_distribucion_auc_tasa_fallos_modelo1_comp.png>
Package pdftex.def Info: ./charts/03_distribucion_auc_tasa_fallos_modelo1_comp.
png  used on input line 1942.
(pdftex.def)             Requested size: 465.04695pt x 286.41579pt.

LaTeX Warning: `!h' float specifier changed to `!ht'.

<./charts/03_distribucion_auc_tasa_fallos_modelo1_comp_50rep.png, id=400, 4001.
95125pt x 2463.2025pt>
File: ./charts/03_distribucion_auc_tasa_fallos_modelo1_comp_50rep.png Graphic f
ile (type png)
<use ./charts/03_distribucion_auc_tasa_fallos_modelo1_comp_50rep.png>
Package pdftex.def Info: ./charts/03_distribucion_auc_tasa_fallos_modelo1_comp_
50rep.png  used on input line 1965.
(pdftex.def)             Requested size: 465.0083pt x 286.21278pt.

LaTeX Warning: `!h' float specifier changed to `!ht'.

[32 <./charts/03_distribucion_auc_tasa_fallos_modelo1.png>]

LaTeX Warning: Text page 33 contains only floats.


Overfull \vbox (0.19856pt too high) has occurred while \output is active []

[33 <./charts/03_distribucion_auc_tasa_fallos_modelo1_comp.png> <./charts/03_di
stribucion_auc_tasa_fallos_modelo1_comp_50rep.png>]
<./charts/bagging/bis_03_comparacion_final_modelo1_5_10_folds.png, id=415, 4001
.95125pt x 2463.2025pt>
File: ./charts/bagging/bis_03_comparacion_final_modelo1_5_10_folds.png Graphic 
file (type png)
<use ./charts/bagging/bis_03_comparacion_final_modelo1_5_10_folds.png>
Package pdftex.def Info: ./charts/bagging/bis_03_comparacion_final_modelo1_5_10
_folds.png  used on input line 1989.
(pdftex.def)             Requested size: 465.0083pt x 286.21278pt.
<./charts/03_distribucion_auc_tasa_fallos_modelo2.png, id=416, 4001.95125pt x 2
463.2025pt>
File: ./charts/03_distribucion_auc_tasa_fallos_modelo2.png Graphic file (type p
ng)
<use ./charts/03_distribucion_auc_tasa_fallos_modelo2.png>
Package pdftex.def Info: ./charts/03_distribucion_auc_tasa_fallos_modelo2.png  
used on input line 2029.
(pdftex.def)             Requested size: 465.0083pt x 286.21278pt.

LaTeX Warning: `!h' float specifier changed to `!ht'.

[34 <./charts/bagging/bis_03_comparacion_final_modelo1_5_10_folds.png>]
<./charts/03_distribucion_auc_tasa_fallos_modelo2_comp.png, id=426, 4001.95125p
t x 2463.2025pt>
File: ./charts/03_distribucion_auc_tasa_fallos_modelo2_comp.png Graphic file (t
ype png)
<use ./charts/03_distribucion_auc_tasa_fallos_modelo2_comp.png>
Package pdftex.def Info: ./charts/03_distribucion_auc_tasa_fallos_modelo2_comp.
png  used on input line 2066.
(pdftex.def)             Requested size: 465.0083pt x 286.21278pt.

LaTeX Warning: `!h' float specifier changed to `!ht'.

<./charts/03_distribucion_auc_tasa_fallos_modelo2_comp_50rep.png, id=427, 4001.
95125pt x 2463.2025pt>
File: ./charts/03_distribucion_auc_tasa_fallos_modelo2_comp_50rep.png Graphic f
ile (type png)
<use ./charts/03_distribucion_auc_tasa_fallos_modelo2_comp_50rep.png>
Package pdftex.def Info: ./charts/03_distribucion_auc_tasa_fallos_modelo2_comp_
50rep.png  used on input line 2082.
(pdftex.def)             Requested size: 465.0083pt x 286.21278pt.

LaTeX Warning: `!h' float specifier changed to `!ht'.

[35 <./charts/03_distribucion_auc_tasa_fallos_modelo2.png>]

LaTeX Warning: Text page 36 contains only floats.

[36 <./charts/03_distribucion_auc_tasa_fallos_modelo2_comp.png> <./charts/03_di
stribucion_auc_tasa_fallos_modelo2_comp_50rep.png>]
<./charts/bagging/bis_03_comparacion_final_modelo2_5_10_folds.png, id=442, 4001
.95125pt x 2463.2025pt>
File: ./charts/bagging/bis_03_comparacion_final_modelo2_5_10_folds.png Graphic 
file (type png)
<use ./charts/bagging/bis_03_comparacion_final_modelo2_5_10_folds.png>
Package pdftex.def Info: ./charts/bagging/bis_03_comparacion_final_modelo2_5_10
_folds.png  used on input line 2103.
(pdftex.def)             Requested size: 465.0083pt x 286.21278pt.
<./charts/bagging/03_comparacion_final_bagging.png, id=443, 4001.95125pt x 2463
.2025pt>
File: ./charts/bagging/03_comparacion_final_bagging.png Graphic file (type png)

<use ./charts/bagging/03_comparacion_final_bagging.png>
Package pdftex.def Info: ./charts/bagging/03_comparacion_final_bagging.png  use
d on input line 2146.
(pdftex.def)             Requested size: 465.0083pt x 286.21278pt.

LaTeX Warning: `!h' float specifier changed to `!ht'.

[37 <./charts/bagging/bis_03_comparacion_final_modelo2_5_10_folds.png>]
<./charts/comparativas/03_log_avnnet_bagging_tasa.jpeg, id=456, 4001.95125pt x 
2463.2025pt>
File: ./charts/comparativas/03_log_avnnet_bagging_tasa.jpeg Graphic file (type 
jpg)
<use ./charts/comparativas/03_log_avnnet_bagging_tasa.jpeg>
Package pdftex.def Info: ./charts/comparativas/03_log_avnnet_bagging_tasa.jpeg 
 used on input line 2189.
(pdftex.def)             Requested size: 465.0083pt x 286.21278pt.

LaTeX Warning: `!h' float specifier changed to `!ht'.

<./charts/comparativas/03_log_avnnet_bagging_auc.jpeg, id=457, 4001.95125pt x 2
463.2025pt>
File: ./charts/comparativas/03_log_avnnet_bagging_auc.jpeg Graphic file (type j
pg)
<use ./charts/comparativas/03_log_avnnet_bagging_auc.jpeg>
Package pdftex.def Info: ./charts/comparativas/03_log_avnnet_bagging_auc.jpeg  
used on input line 2197.
(pdftex.def)             Requested size: 465.0083pt x 286.21278pt.

LaTeX Warning: `!h' float specifier changed to `!ht'.

[38 <./charts/bagging/03_comparacion_final_bagging.png>]

LaTeX Warning: Text page 39 contains only floats.

[39 <./charts/comparativas/03_log_avnnet_bagging_tasa.jpeg> <./charts/comparati
vas/03_log_avnnet_bagging_auc.jpeg>]
<./charts/random_forest/error_rates/error_rate_1.png, id=472, 4440.59pt x 3061.
4375pt>
File: ./charts/random_forest/error_rates/error_rate_1.png Graphic file (type pn
g)
<use ./charts/random_forest/error_rates/error_rate_1.png>
Package pdftex.def Info: ./charts/random_forest/error_rates/error_rate_1.png  u
sed on input line 2228.
(pdftex.def)             Requested size: 465.0222pt x 320.59622pt.
[40 <./charts/random_forest/error_rates/error_rate_1.png>]
<./charts/random_forest/04_comp_inicial_mtry_modelo1.png, id=487, 4440.59pt x 3
061.4375pt>
File: ./charts/random_forest/04_comp_inicial_mtry_modelo1.png Graphic file (typ
e png)
<use ./charts/random_forest/04_comp_inicial_mtry_modelo1.png>
Package pdftex.def Info: ./charts/random_forest/04_comp_inicial_mtry_modelo1.pn
g  used on input line 2273.
(pdftex.def)             Requested size: 465.0222pt x 320.59622pt.
<./charts/random_forest/error_rates/error_rate_2.png, id=488, 4440.59pt x 3061.
4375pt>
File: ./charts/random_forest/error_rates/error_rate_2.png Graphic file (type pn
g)
<use ./charts/random_forest/error_rates/error_rate_2.png>
Package pdftex.def Info: ./charts/random_forest/error_rates/error_rate_2.png  u
sed on input line 2298.
(pdftex.def)             Requested size: 465.0222pt x 320.59622pt.

LaTeX Warning: `!h' float specifier changed to `!ht'.

<./charts/random_forest/04_comp_inicial_mtry_modelo2.png, id=489, 4440.59pt x 3
061.4375pt>
File: ./charts/random_forest/04_comp_inicial_mtry_modelo2.png Graphic file (typ
e png)
<use ./charts/random_forest/04_comp_inicial_mtry_modelo2.png>
Package pdftex.def Info: ./charts/random_forest/04_comp_inicial_mtry_modelo2.pn
g  used on input line 2317.
(pdftex.def)             Requested size: 465.0222pt x 320.59622pt.

LaTeX Warning: `!h' float specifier changed to `!ht'.

[41 <./charts/random_forest/04_comp_inicial_mtry_modelo1.png>] [42 <./charts/ra
ndom_forest/error_rates/error_rate_2.png>]
<./charts/random_forest/04_comp_tasa_auc_modelo1.png, id=508, 4440.59pt x 3061.
4375pt>
File: ./charts/random_forest/04_comp_tasa_auc_modelo1.png Graphic file (type pn
g)
<use ./charts/random_forest/04_comp_tasa_auc_modelo1.png>
Package pdftex.def Info: ./charts/random_forest/04_comp_tasa_auc_modelo1.png  u
sed on input line 2379.
(pdftex.def)             Requested size: 465.0222pt x 320.59622pt.

LaTeX Warning: `!h' float specifier changed to `!ht'.

[43 <./charts/random_forest/04_comp_inicial_mtry_modelo2.png>]
<./charts/random_forest/04_comp_tasa_auc_modelo1_sampsizes.png, id=518, 4440.59
pt x 3061.4375pt>
File: ./charts/random_forest/04_comp_tasa_auc_modelo1_sampsizes.png Graphic fil
e (type png)
<use ./charts/random_forest/04_comp_tasa_auc_modelo1_sampsizes.png>
Package pdftex.def Info: ./charts/random_forest/04_comp_tasa_auc_modelo1_sampsi
zes.png  used on input line 2423.
(pdftex.def)             Requested size: 465.0222pt x 320.59622pt.

LaTeX Warning: `!h' float specifier changed to `!ht'.

<./charts/random_forest/04_comp_tasa_auc_modelo1_10_folds.png, id=519, 4440.59p
t x 3061.4375pt>
File: ./charts/random_forest/04_comp_tasa_auc_modelo1_10_folds.png Graphic file
 (type png)
<use ./charts/random_forest/04_comp_tasa_auc_modelo1_10_folds.png>
Package pdftex.def Info: ./charts/random_forest/04_comp_tasa_auc_modelo1_10_fol
ds.png  used on input line 2447.
(pdftex.def)             Requested size: 465.0222pt x 320.59622pt.

LaTeX Warning: `!h' float specifier changed to `!ht'.

[44 <./charts/random_forest/04_comp_tasa_auc_modelo1.png>]
<./charts/random_forest/04_comp_tasa_auc_modelo2.png, id=528, 4440.59pt x 3061.
4375pt>
File: ./charts/random_forest/04_comp_tasa_auc_modelo2.png Graphic file (type pn
g)
<use ./charts/random_forest/04_comp_tasa_auc_modelo2.png>
Package pdftex.def Info: ./charts/random_forest/04_comp_tasa_auc_modelo2.png  u
sed on input line 2480.
(pdftex.def)             Requested size: 465.0222pt x 320.59622pt.

LaTeX Warning: `!h' float specifier changed to `!ht'.

<./charts/random_forest/04_comp_tasa_auc_modelo2_sampsizes.png, id=529, 4440.59
pt x 3061.4375pt>
File: ./charts/random_forest/04_comp_tasa_auc_modelo2_sampsizes.png Graphic fil
e (type png)
<use ./charts/random_forest/04_comp_tasa_auc_modelo2_sampsizes.png>
Package pdftex.def Info: ./charts/random_forest/04_comp_tasa_auc_modelo2_sampsi
zes.png  used on input line 2495.
(pdftex.def)             Requested size: 465.0222pt x 320.59622pt.

LaTeX Warning: `!h' float specifier changed to `!ht'.

<./charts/random_forest/04_comp_tasa_auc_modelo2_sampsizes2_10_folds.png, id=53
0, 4440.59pt x 1990.43625pt>
File: ./charts/random_forest/04_comp_tasa_auc_modelo2_sampsizes2_10_folds.png G
raphic file (type png)
<use ./charts/random_forest/04_comp_tasa_auc_modelo2_sampsizes2_10_folds.png>
Package pdftex.def Info: ./charts/random_forest/04_comp_tasa_auc_modelo2_sampsi
zes2_10_folds.png  used on input line 2511.
(pdftex.def)             Requested size: 465.0222pt x 208.4401pt.

LaTeX Warning: `!h' float specifier changed to `!ht'.

[45 <./charts/random_forest/04_comp_tasa_auc_modelo1_sampsizes.png>]
<./charts/comparativas/03_rf_con_sin_reemp.png, id=540, 3407.73125pt x 1797.716
25pt>
File: ./charts/comparativas/03_rf_con_sin_reemp.png Graphic file (type png)
<use ./charts/comparativas/03_rf_con_sin_reemp.png>
Package pdftex.def Info: ./charts/comparativas/03_rf_con_sin_reemp.png  used on
 input line 2556.
(pdftex.def)             Requested size: 465.01566pt x 245.31459pt.

LaTeX Warning: `!h' float specifier changed to `!ht'.

Package atveryend Info: Empty hook `BeforeClearDocument' on input line 2581.
[46 <./charts/random_forest/04_comp_tasa_auc_modelo1_10_folds.png>] [47 <./char
ts/random_forest/04_comp_tasa_auc_modelo2.png>] [48 <./charts/random_forest/04_
comp_tasa_auc_modelo2_sampsizes.png> <./charts/random_forest/04_comp_tasa_auc_m
odelo2_sampsizes2_10_folds.png>] [49 <./charts/comparativas/03_rf_con_sin_reemp
.png>]
Package atveryend Info: Empty hook `AfterLastShipout' on input line 2581.
(./memoria.aux)
Package atveryend Info: Executing hook `AtVeryEndDocument' on input line 2581.
Package atveryend Info: Empty hook `AtEndAfterFileList' on input line 2581.
 ) 
Here is how much of TeX's memory you used:
 15295 strings out of 492616
 235054 string characters out of 6129481
 344370 words of memory out of 5000000
 18530 multiletter control sequences out of 15000+600000
 87424 words of font info for 146 fonts, out of 8000000 for 9000
 1141 hyphenation exceptions out of 8191
 37i,8n,41p,806b,486s stack positions out of 5000i,500n,10000p,200000b,80000s
{/usr/local/texlive/2019/texmf-dist/fonts/enc/dvips/lm/lm-rm.enc}{/usr/local/
texlive/2019/texmf-dist/fonts/enc/dvips/lm/lm-mathsy.enc}{/usr/local/texlive/20
19/texmf-dist/fonts/enc/dvips/lm/lm-mathit.enc}{/usr/local/texlive/2019/texmf-d
ist/fonts/enc/dvips/lm/lm-ts1.enc}{/usr/local/texlive/2019/texmf-dist/fonts/enc
/dvips/lm/lm-ec.enc}</usr/local/texlive/2019/texmf-dist/fonts/type1/public/lm/l
mbx10.pfb></usr/local/texlive/2019/texmf-dist/fonts/type1/public/lm/lmbx12.pfb>
</usr/local/texlive/2019/texmf-dist/fonts/type1/public/lm/lmbxi10.pfb></usr/loc
al/texlive/2019/texmf-dist/fonts/type1/public/lm/lmmi10.pfb></usr/local/texlive
/2019/texmf-dist/fonts/type1/public/lm/lmr10.pfb></usr/local/texlive/2019/texmf
-dist/fonts/type1/public/lm/lmr12.pfb></usr/local/texlive/2019/texmf-dist/fonts
/type1/public/lm/lmr17.pfb></usr/local/texlive/2019/texmf-dist/fonts/type1/publ
ic/lm/lmr6.pfb></usr/local/texlive/2019/texmf-dist/fonts/type1/public/lm/lmr7.p
fb></usr/local/texlive/2019/texmf-dist/fonts/type1/public/lm/lmr8.pfb></usr/loc
al/texlive/2019/texmf-dist/fonts/type1/public/lm/lmr9.pfb></usr/local/texlive/2
019/texmf-dist/fonts/type1/public/lm/lmri10.pfb></usr/local/texlive/2019/texmf-
dist/fonts/type1/public/lm/lmsy10.pfb></usr/local/texlive/2019/texmf-dist/fonts
/type1/public/lm/lmtk10.pfb></usr/local/texlive/2019/texmf-dist/fonts/type1/pub
lic/lm/lmtt10.pfb></usr/local/texlive/2019/texmf-dist/fonts/type1/public/lm/lmt
ti10.pfb>
Output written on memoria.pdf (49 pages, 9238364 bytes).
PDF statistics:
 816 PDF objects out of 1000 (max. 8388607)
 649 compressed objects within 7 object streams
 259 named destinations out of 1000 (max. 500000)
 16943 words of extra memory for PDF output out of 17280 (max. 10000000)

